<?xml version="1.0" encoding="UTF-8"?>
<testsuite name="DemoTest" tests="11" skipped="0" failures="0" errors="0" timestamp="2020-09-24T12:59:37" hostname="DESKTOP-1MV21VN" time="0.004">
  <properties/>
  <testcase name="test_is_not_triangle1" classname="DemoTest" time="0.002"/>
  <testcase name="test_is_not_triangle2" classname="DemoTest" time="0.0"/>
  <testcase name="test_is_not_triangle3" classname="DemoTest" time="0.001"/>
  <testcase name="test_is_not_triangle4" classname="DemoTest" time="0.0"/>
  <testcase name="test_is_not_triangle5" classname="DemoTest" time="0.0"/>
  <testcase name="test_is_not_triangle6" classname="DemoTest" time="0.0"/>
  <testcase name="test_is_triangle1" classname="DemoTest" time="0.001"/>
  <testcase name="test_is_triangle2" classname="DemoTest" time="0.0"/>
  <testcase name="test_is_triangle3" classname="DemoTest" time="0.0"/>
  <testcase name="test_is_triangle4" classname="DemoTest" time="0.0"/>
  <testcase name="test_is_triangle5" classname="DemoTest" time="0.0"/>
  <system-out><![CDATA[]]></system-out>
  <system-err><![CDATA[]]></system-err>
</testsuite>
